<?xml version="1.0" encoding="UTF-8"?>
<!-- Generated by org.testng.reporters.JUnitReportReporter -->
<testsuite skipped="0" hostname="Lenovo-pc" name="com.TestWebPage" tests="20" failures="0" timestamp="23 Dec 2019 14:19:48 GMT" time="26.204" errors="1">
  <testcase name="testDrowpDown" time="1.080" classname="com.TestWebPage"/>
  <testcase name="testRedirectLink" time="6.204" classname="com.TestWebPage"/>
  <testcase name="testWebPageTitle" time="0.012" classname="com.TestWebPage"/>
  <testcase name="testAlertBox" time="0.503" classname="com.TestWebPage"/>
  <testcase name="testDragandDrop" time="0.338" classname="com.TestWebPage"/>
  <testcase name="testDragandDrop" time="0.132" classname="com.TestWebPage">
    <error type="org.openqa.selenium.interactions.MoveTargetOutOfBoundsException" message="(304, 700) is out of bounds of viewport width (1366) and height (654)
Build info: version: &#039;3.141.59&#039;, revision: &#039;e82be7d358&#039;, time: &#039;2018-11-14T08:25:48&#039;
System info: host: &#039;LENOVO-PC&#039;, ip: &#039;192.168.1.109&#039;, os.name: &#039;Windows 8.1&#039;, os.arch: &#039;amd64&#039;, os.version: &#039;6.3&#039;, java.version: &#039;1.8.0_144&#039;
Driver info: org.openqa.selenium.firefox.FirefoxDriver
Capabilities {acceptInsecureCerts: true, browserName: firefox, browserVersion: 71.0, javascriptEnabled: true, moz:accessibilityChecks: false, moz:buildID: 20191202093317, moz:geckodriverVersion: 0.26.0, moz:headless: false, moz:processID: 8028, moz:profile: C:\Users\Lenovo\AppData\Loc..., moz:shutdownTimeout: 60000, moz:useNonSpecCompliantPointerOrigin: false, moz:webdriverClick: true, pageLoadStrategy: normal, platform: WINDOWS, platformName: WINDOWS, platformVersion: 6.3, rotatable: false, setWindowRect: true, strictFileInteractability: false, timeouts: {implicit: 0, pageLoad: 300000, script: 30000}, unhandledPromptBehavior: dismiss and notify}
Session ID: 10c94973-f13a-4706-a1f0-1b88e0e3f182">
      <![CDATA[org.openqa.selenium.interactions.MoveTargetOutOfBoundsException: (304, 700) is out of bounds of viewport width (1366) and height (654)
Build info: version: '3.141.59', revision: 'e82be7d358', time: '2018-11-14T08:25:48'
System info: host: 'LENOVO-PC', ip: '192.168.1.109', os.name: 'Windows 8.1', os.arch: 'amd64', os.version: '6.3', java.version: '1.8.0_144'
Driver info: org.openqa.selenium.firefox.FirefoxDriver
Capabilities {acceptInsecureCerts: true, browserName: firefox, browserVersion: 71.0, javascriptEnabled: true, moz:accessibilityChecks: false, moz:buildID: 20191202093317, moz:geckodriverVersion: 0.26.0, moz:headless: false, moz:processID: 8028, moz:profile: C:\Users\Lenovo\AppData\Loc..., moz:shutdownTimeout: 60000, moz:useNonSpecCompliantPointerOrigin: false, moz:webdriverClick: true, pageLoadStrategy: normal, platform: WINDOWS, platformName: WINDOWS, platformVersion: 6.3, rotatable: false, setWindowRect: true, strictFileInteractability: false, timeouts: {implicit: 0, pageLoad: 300000, script: 30000}, unhandledPromptBehavior: dismiss and notify}
Session ID: 10c94973-f13a-4706-a1f0-1b88e0e3f182
at sun.reflect.NativeConstructorAccessorImpl.newInstance0(Native Method)
at sun.reflect.NativeConstructorAccessorImpl.newInstance(Unknown Source)
at sun.reflect.DelegatingConstructorAccessorImpl.newInstance(Unknown Source)
at java.lang.reflect.Constructor.newInstance(Unknown Source)
at org.openqa.selenium.remote.http.W3CHttpResponseCodec.createException(W3CHttpResponseCodec.java:187)
at org.openqa.selenium.remote.http.W3CHttpResponseCodec.decode(W3CHttpResponseCodec.java:122)
at org.openqa.selenium.remote.http.W3CHttpResponseCodec.decode(W3CHttpResponseCodec.java:49)
at org.openqa.selenium.remote.HttpCommandExecutor.execute(HttpCommandExecutor.java:158)
at org.openqa.selenium.remote.service.DriverCommandExecutor.execute(DriverCommandExecutor.java:83)
at org.openqa.selenium.remote.RemoteWebDriver.execute(RemoteWebDriver.java:552)
at org.openqa.selenium.remote.RemoteWebDriver.perform(RemoteWebDriver.java:618)
at org.openqa.selenium.interactions.Actions$BuiltAction.perform(Actions.java:639)
at com.TestWebPage.testDragandDrop(TestWebPage.java:126)
at sun.reflect.NativeMethodAccessorImpl.invoke0(Native Method)
at sun.reflect.NativeMethodAccessorImpl.invoke(Unknown Source)
at sun.reflect.DelegatingMethodAccessorImpl.invoke(Unknown Source)
at java.lang.reflect.Method.invoke(Unknown Source)
at org.testng.internal.MethodInvocationHelper.invokeMethod(MethodInvocationHelper.java:124)
at org.testng.internal.Invoker.invokeMethod(Invoker.java:583)
at org.testng.internal.Invoker.invokeTestMethod(Invoker.java:719)
at org.testng.internal.Invoker.invokeTestMethods(Invoker.java:989)
at org.testng.internal.TestMethodWorker.invokeTestMethods(TestMethodWorker.java:125)
at org.testng.internal.TestMethodWorker.run(TestMethodWorker.java:109)
at org.testng.TestRunner.privateRun(TestRunner.java:648)
at org.testng.TestRunner.run(TestRunner.java:505)
at org.testng.SuiteRunner.runTest(SuiteRunner.java:455)
at org.testng.SuiteRunner.access$000(SuiteRunner.java:40)
at org.testng.SuiteRunner$SuiteWorker.run(SuiteRunner.java:489)
at org.testng.internal.thread.ThreadUtil$1.call(ThreadUtil.java:52)
at java.util.concurrent.FutureTask.run(Unknown Source)
at java.util.concurrent.ThreadPoolExecutor.runWorker(Unknown Source)
at java.util.concurrent.ThreadPoolExecutor$Worker.run(Unknown Source)
at java.lang.Thread.run(Unknown Source)
]]>
    </error>
  </testcase> <!-- testDragandDrop -->
  <testcase name="testConfirmBox" time="0.186" classname="com.TestWebPage"/>
  <testcase name="testCheckBox" time="0.587" classname="com.TestWebPage"/>
  <testcase name="testDoubleClickButton" time="0.220" classname="com.TestWebPage"/>
  <testcase name="testRadioButton" time="0.588" classname="com.TestWebPage"/>
  <testcase name="testPageHeading" time="0.064" classname="com.TestWebPage"/>
  <testcase name="testDrowpDown" time="0.782" classname="com.TestWebPage"/>
  <testcase name="testConfirmBox" time="0.383" classname="com.TestWebPage"/>
  <testcase name="testDoubleClickButton" time="0.203" classname="com.TestWebPage"/>
  <testcase name="testRadioButton" time="0.327" classname="com.TestWebPage"/>
  <testcase name="testWebPageTitle" time="0.037" classname="com.TestWebPage"/>
  <testcase name="testRedirectLink" time="13.782" classname="com.TestWebPage"/>
  <testcase name="testAlertBox" time="0.437" classname="com.TestWebPage"/>
  <testcase name="testCheckBox" time="0.303" classname="com.TestWebPage"/>
  <testcase name="testPageHeading" time="0.036" classname="com.TestWebPage"/>
</testsuite> <!-- com.TestWebPage -->
